<?xml version="1.0" encoding="UTF-8"?>
<!-- Generated by org.testng.reporters.JUnitXMLReporter -->
<testsuite ignored="0" hostname="DU1LSITA112PPH" failures="0" tests="4" name="Test" time="1.581" errors="0" timestamp="2023-07-20T18:10:48 GST">
  <testcase classname="org.test.testrail.TestRailIntegrationWebTest" name="executeroyalAirLoginFlow" time="0.011"/>
  <testcase classname="org.test.testrail.TestRailIntegrationWebTest" name="getRoyalAirPageTitle" time="0.002"/>
  <testcase classname="org.test.testrail.TestRailIntegrationWebTest" name="verifySupportEmailAddress" time="0.001"/>
  <testcase classname="org.test.testrail.TestRailIntegrationWebTest" name="verifySupportPhoneNo" time="0.001"/>
</testsuite> <!-- Test -->
