<?xml version="1.0" encoding="UTF-8"?>
<testng-results ignored="0" total="4" passed="4" failed="0" skipped="0">
  <reporter-output>
  </reporter-output>
  <suite started-at="2023-07-20T18:10:47 GST" name="Suite" finished-at="2023-07-20T18:10:48 GST" duration-ms="1581">
    <groups>
    </groups>
    <test started-at="2023-07-20T18:10:47 GST" name="Test" finished-at="2023-07-20T18:10:48 GST" duration-ms="1581">
      <class name="org.test.testrail.TestRailIntegrationWebTest">
        <test-method signature="executeroyalAirLoginFlow()[pri:0, instance:org.test.testrail.TestRailIntegrationWebTest@76508ed1]" started-at="2023-07-20T18:10:47 GST" name="executeroyalAirLoginFlow" description="Push test to TestRail" finished-at="2023-07-20T18:10:47 GST" duration-ms="11" status="PASS">
          <reporter-output>
          </reporter-output>
        </test-method> <!-- executeroyalAirLoginFlow -->
        <test-method is-config="true" signature="postTestSteup(org.testng.ITestResult, org.testng.ITestContext)[pri:0, instance:org.test.testrail.TestRailIntegrationWebTest@76508ed1]" started-at="2023-07-20T18:10:47 GST" name="postTestSteup" finished-at="2023-07-20T18:10:48 GST" duration-ms="1228" status="PASS">
          <params>
            <param index="0">
              <value>
                <![CDATA[[TestResult name=executeroyalAirLoginFlow status=SUCCESS method=TestRailIntegrationWebTest.executeroyalAirLoginFlow()[pri:0, instance:org.test.testrail.TestRailIntegrationWebTest@76508ed1] output={null}]]]>
              </value>
            </param>
            <param index="1">
              <value>
                <![CDATA[org.testng.TestRunner@7c51f34b]]>
              </value>
            </param>
          </params>
          <reporter-output>
          </reporter-output>
        </test-method> <!-- postTestSteup -->
        <test-method signature="getRoyalAirPageTitle()[pri:0, instance:org.test.testrail.TestRailIntegrationWebTest@76508ed1]" started-at="2023-07-20T18:10:48 GST" name="getRoyalAirPageTitle" description="Push test to TestRail" finished-at="2023-07-20T18:10:48 GST" duration-ms="2" status="PASS">
          <reporter-output>
          </reporter-output>
        </test-method> <!-- getRoyalAirPageTitle -->
        <test-method is-config="true" signature="postTestSteup(org.testng.ITestResult, org.testng.ITestContext)[pri:0, instance:org.test.testrail.TestRailIntegrationWebTest@76508ed1]" started-at="2023-07-20T18:10:48 GST" name="postTestSteup" finished-at="2023-07-20T18:10:48 GST" duration-ms="106" status="PASS">
          <params>
            <param index="0">
              <value>
                <![CDATA[[TestResult name=getRoyalAirPageTitle status=SUCCESS method=TestRailIntegrationWebTest.getRoyalAirPageTitle()[pri:0, instance:org.test.testrail.TestRailIntegrationWebTest@76508ed1] output={null}]]]>
              </value>
            </param>
            <param index="1">
              <value>
                <![CDATA[org.testng.TestRunner@7c51f34b]]>
              </value>
            </param>
          </params>
          <reporter-output>
          </reporter-output>
        </test-method> <!-- postTestSteup -->
        <test-method signature="verifySupportEmailAddress()[pri:0, instance:org.test.testrail.TestRailIntegrationWebTest@76508ed1]" started-at="2023-07-20T18:10:48 GST" name="verifySupportEmailAddress" description="Push test to TestRail" finished-at="2023-07-20T18:10:48 GST" duration-ms="1" status="PASS">
          <reporter-output>
          </reporter-output>
        </test-method> <!-- verifySupportEmailAddress -->
        <test-method is-config="true" signature="postTestSteup(org.testng.ITestResult, org.testng.ITestContext)[pri:0, instance:org.test.testrail.TestRailIntegrationWebTest@76508ed1]" started-at="2023-07-20T18:10:48 GST" name="postTestSteup" finished-at="2023-07-20T18:10:48 GST" duration-ms="98" status="PASS">
          <params>
            <param index="0">
              <value>
                <![CDATA[[TestResult name=verifySupportEmailAddress status=SUCCESS method=TestRailIntegrationWebTest.verifySupportEmailAddress()[pri:0, instance:org.test.testrail.TestRailIntegrationWebTest@76508ed1] output={null}]]]>
              </value>
            </param>
            <param index="1">
              <value>
                <![CDATA[org.testng.TestRunner@7c51f34b]]>
              </value>
            </param>
          </params>
          <reporter-output>
          </reporter-output>
        </test-method> <!-- postTestSteup -->
        <test-method signature="verifySupportPhoneNo()[pri:0, instance:org.test.testrail.TestRailIntegrationWebTest@76508ed1]" started-at="2023-07-20T18:10:48 GST" name="verifySupportPhoneNo" description="Push test to TestRail" finished-at="2023-07-20T18:10:48 GST" duration-ms="1" status="PASS">
          <reporter-output>
          </reporter-output>
        </test-method> <!-- verifySupportPhoneNo -->
        <test-method is-config="true" signature="postTestSteup(org.testng.ITestResult, org.testng.ITestContext)[pri:0, instance:org.test.testrail.TestRailIntegrationWebTest@76508ed1]" started-at="2023-07-20T18:10:48 GST" name="postTestSteup" finished-at="2023-07-20T18:10:48 GST" duration-ms="93" status="PASS">
          <params>
            <param index="0">
              <value>
                <![CDATA[[TestResult name=verifySupportPhoneNo status=SUCCESS method=TestRailIntegrationWebTest.verifySupportPhoneNo()[pri:0, instance:org.test.testrail.TestRailIntegrationWebTest@76508ed1] output={null}]]]>
              </value>
            </param>
            <param index="1">
              <value>
                <![CDATA[org.testng.TestRunner@7c51f34b]]>
              </value>
            </param>
          </params>
          <reporter-output>
          </reporter-output>
        </test-method> <!-- postTestSteup -->
      </class> <!-- org.test.testrail.TestRailIntegrationWebTest -->
    </test> <!-- Test -->
  </suite> <!-- Suite -->
</testng-results>
